0 info it worked if it ends with ok
1 verbose cli [ '/home/chweetu/.linuxbrew/Cellar/node/6.1.0/bin/node',
1 verbose cli   '/home/chweetu/.linuxbrew/bin/npm',
1 verbose cli   'start' ]
2 info using npm@3.8.6
3 info using node@v6.1.0
4 verbose stack Error: Failed to parse json
4 verbose stack Unexpected token 't' at 8:6
4 verbose stack     "test": "echo \"Error: no test specified\" && exit 1"
4 verbose stack      ^
4 verbose stack     at parseError (/home/chweetu/.linuxbrew/lib/node_modules/npm/node_modules/read-package-json/read-json.js:379:11)
4 verbose stack     at parseJson (/home/chweetu/.linuxbrew/lib/node_modules/npm/node_modules/read-package-json/read-json.js:68:23)
4 verbose stack     at /home/chweetu/.linuxbrew/lib/node_modules/npm/node_modules/read-package-json/read-json.js:48:5
4 verbose stack     at /home/chweetu/.linuxbrew/lib/node_modules/npm/node_modules/graceful-fs/graceful-fs.js:78:16
4 verbose stack     at tryToString (fs.js:449:3)
4 verbose stack     at FSReqWrap.readFileAfterClose [as oncomplete] (fs.js:436:12)
5 verbose cwd /home/chweetu/Desktop/react-skeleton
6 error Linux 3.13.0-103-generic
7 error argv "/home/chweetu/.linuxbrew/Cellar/node/6.1.0/bin/node" "/home/chweetu/.linuxbrew/bin/npm" "start"
8 error node v6.1.0
9 error npm  v3.8.6
10 error file /home/chweetu/Desktop/react-skeleton/package.json
11 error code EJSONPARSE
12 error Failed to parse json
12 error Unexpected token 't' at 8:6
12 error     "test": "echo \"Error: no test specified\" && exit 1"
12 error      ^
13 error File: /home/chweetu/Desktop/react-skeleton/package.json
14 error Failed to parse package.json data.
14 error package.json must be actual JSON, not just JavaScript.
14 error
14 error This is not a bug in npm.
14 error Tell the package author to fix their package.json file. JSON.parse
15 verbose exit [ 1, true ]
